2020-09-21 01:58:03,194 - INFO - Renaming Episode 1 => The Wars to Come
2020-09-21 01:58:03,518 - INFO - Renaming Episode 2 => The House of Black and White
2020-09-21 01:58:03,564 - INFO - Renaming Episode 3 => High Sparrow
2020-09-21 01:58:03,598 - INFO - Renaming Episode 4 => Sons of the Harpy
2020-09-21 01:58:03,642 - INFO - Renaming Episode 5 => Kill the Boy
2020-09-21 01:58:03,687 - INFO - Renaming Episode 6 => Unbowed, Unbent, Unbroken
2020-09-21 01:58:03,720 - INFO - Renaming Episode 7 => The Gift
2020-09-21 01:58:03,753 - INFO - Renaming Episode 8 => Hardhome
2020-09-21 01:58:03,786 - INFO - Renaming Episode 9 => The Dance of Dragons
2020-09-21 01:58:03,820 - INFO - Renaming Episode 10 => Mother's Mercy
2020-09-21 01:58:03,853 - INFO - Renaming Episode 1 => The Red Woman
2020-09-21 01:58:03,886 - INFO - Renaming Episode 2 => Home
2020-09-21 01:58:03,920 - INFO - Renaming Episode 3 => Oathbreaker
2020-09-21 01:58:03,953 - INFO - Renaming Episode 4 => Book of the Stranger
2020-09-21 01:58:03,986 - INFO - Renaming Episode 5 => The Door
2020-09-21 01:58:04,020 - INFO - Renaming Episode 6 => Blood of My Blood
2020-09-21 01:58:04,042 - INFO - Renaming Episode 7 => The Broken Man
2020-09-21 01:58:04,053 - INFO - Renaming Episode 8 => No One
2020-09-21 01:58:04,064 - INFO - Renaming Episode 9 => Battle of the Bastards
2020-09-21 01:58:04,076 - INFO - Renaming Episode 10 => The Winds of Winter
